[ 07/20/2018 02:43:55 am ]: WP_Query Object
(
    [query] => Array
        (
            [post_type] => product
        )

    [query_vars] => Array
        (
            [post_type] => product
            [error] => 
            [m] => 
            [p] => 0
            [post_parent] => 
            [subpost] => 
            [subpost_id] => 
            [attachment] => 
            [attachment_id] => 0
            [name] => 
            [static] => 
            [pagename] => 
            [page_id] => 0
            [second] => 
            [minute] => 
            [hour] => 
            [day] => 0
            [monthnum] => 0
            [year] => 0
            [w] => 0
            [category_name] => 
            [tag] => 
            [cat] => 
            [tag_id] => 
            [author] => 
            [author_name] => 
            [feed] => 
            [tb] => 
            [paged] => 0
            [meta_key] => 
            [meta_value] => 
            [preview] => 
            [s] => 
            [sentence] => 
            [title] => 
            [fields] => 
            [menu_order] => 
            [embed] => 
            [category__in] => Array
                (
                )

            [category__not_in] => Array
                (
                )

            [category__and] => Array
                (
                )

            [post__in] => Array
                (
                )

            [post__not_in] => Array
                (
                )

            [post_name__in] => Array
                (
                )

            [tag__in] => Array
                (
                )

            [tag__not_in] => Array
                (
                )

            [tag__and] => Array
                (
                )

            [tag_slug__in] => Array
                (
                )

            [tag_slug__and] => Array
                (
                )

            [post_parent__in] => Array
                (
                )

            [post_parent__not_in] => Array
                (
                )

            [author__in] => Array
                (
                )

            [author__not_in] => Array
                (
                )

            [orderby] => date ID
            [order] => DESC
            [meta_query] => Array
                (
                    [0] => Array
                        (
                            [key] => toby_product_data_hide_in_shop
                            [compare] => =
                            [value] => no
                        )

                )

            [tax_query] => Array
                (
                    [relation] => AND
                    [0] => Array
                        (
                            [taxonomy] => product_visibility
                            [field] => term_taxonomy_id
                            [terms] => Array
                                (
                                    [0] => 1305
                                    [1] => 1307
                                )

                            [operator] => NOT IN
                        )

                )

            [wc_query] => product_query
            [posts_per_page] => 24
        )

    [tax_query] => WP_Tax_Query Object
        (
            [queries] => Array
                (
                )

            [relation] => AND
            [table_aliases:protected] => Array
                (
                )

            [queried_terms] => Array
                (
                )

            [primary_table] => 
            [primary_id_column] => 
        )

    [meta_query] => 
    [date_query] => 
    [post_count] => 0
    [current_post] => -1
    [in_the_loop] => 
    [comment_count] => 0
    [current_comment] => -1
    [found_posts] => 0
    [max_num_pages] => 0
    [max_num_comment_pages] => 0
    [is_single] => 
    [is_preview] => 
    [is_page] => 
    [is_archive] => 1
    [is_date] => 
    [is_year] => 
    [is_month] => 
    [is_day] => 
    [is_time] => 
    [is_author] => 
    [is_category] => 
    [is_tag] => 
    [is_tax] => 
    [is_search] => 
    [is_feed] => 
    [is_comment_feed] => 
    [is_trackback] => 
    [is_home] => 
    [is_404] => 
    [is_embed] => 
    [is_paged] => 
    [is_admin] => 
    [is_attachment] => 
    [is_singular] => 
    [is_robots] => 
    [is_posts_page] => 
    [is_post_type_archive] => 1
    [query_vars_hash:WP_Query:private] => 78974a905bc38b015abf05486ce539e1
    [query_vars_changed:WP_Query:private] => 
    [thumbnails_cached] => 
    [stopwords:WP_Query:private] => 
    [compat_fields:WP_Query:private] => Array
        (
            [0] => query_vars_hash
            [1] => query_vars_changed
        )

    [compat_methods:WP_Query:private] => Array
        (
            [0] => init_query_flags
            [1] => parse_tax_query
        )

)


